<?xml version="1.0" encoding="UTF-8"?>
<!-- Generated by org.testng.reporters.JUnitXMLReporter -->
<testsuite hostname="Lets_do_it" ignored="0" name="Login Page Test" tests="1" failures="0" timestamp="2023-03-02T12:41:37 CST" time="2.578" errors="0">
  <testcase name="@BeforeTest loginFirst" time="0.54" classname="com.inetBanking.testCases.TC_NewCustomerTest">
    <failure type="java.lang.NullPointerException">
      <![CDATA[java.lang.NullPointerException
at com.inetBanking.testCases.TC_NewCustomerTest.loginFirst(TC_NewCustomerTest.java:19)
... Removed 24 stack frames]]>
    </failure>
  </testcase> <!-- @BeforeTest loginFirst -->
  <testcase name="@BeforeClass setup" time="-1.677782497364E9" classname="com.inetBanking.testCases.BaseClass">
    <skipped/>
  </testcase> <!-- @BeforeClass setup -->
  <testcase name="@AfterClass tearDown" time="-1.677782497711E9" classname="com.inetBanking.testCases.BaseClass">
    <skipped/>
  </testcase> <!-- @AfterClass tearDown -->
  <testcase name="addNewCustomer" time="0.0" classname="com.inetBanking.testCases.TC_NewCustomerTest">
    <skipped/>
  </testcase> <!-- addNewCustomer -->
</testsuite> <!-- Login Page Test -->
