<?xml version="1.0" encoding="UTF-8"?>
<testng-results ignored="0" total="1" passed="1" failed="0" skipped="0">
  <reporter-output>
  </reporter-output>
  <suite started-at="2023-03-06T22:43:27 CST" name="InetBanking_Testing" finished-at="2023-03-06T22:43:45 CST" duration-ms="17717">
    <groups>
    </groups>
    <test started-at="2023-03-06T22:43:27 CST" name="Login Page Test" finished-at="2023-03-06T22:43:45 CST" duration-ms="17717">
      <class name="com.inetBanking.testCases.TC_NewCustomerTest">
        <test-method is-config="true" signature="setup()[pri:0, instance:com.inetBanking.testCases.TC_NewCustomerTest@33cb5951]" started-at="2023-03-06T22:43:27 CST" name="setup" finished-at="2023-03-06T22:43:32 CST" duration-ms="5107" status="PASS">
          <reporter-output>
          </reporter-output>
        </test-method> <!-- setup -->
        <test-method signature="addNewCustomer()[pri:0, instance:com.inetBanking.testCases.TC_NewCustomerTest@33cb5951]" started-at="2023-03-06T22:43:32 CST" name="addNewCustomer" finished-at="2023-03-06T22:43:45 CST" duration-ms="12519" status="PASS">
          <reporter-output>
          </reporter-output>
        </test-method> <!-- addNewCustomer -->
        <test-method is-config="true" signature="tearDown()[pri:0, instance:com.inetBanking.testCases.TC_NewCustomerTest@33cb5951]" started-at="2023-03-06T22:43:45 CST" name="tearDown" finished-at="2023-03-06T22:43:45 CST" duration-ms="0" status="PASS">
          <reporter-output>
          </reporter-output>
        </test-method> <!-- tearDown -->
      </class> <!-- com.inetBanking.testCases.TC_NewCustomerTest -->
    </test> <!-- Login Page Test -->
  </suite> <!-- InetBanking_Testing -->
</testng-results>
